PRT1
12
20
4 0 3 (0 144 704 ) (0 352 704 ) (0 352 64 ) (0 144 64 ) 
4 0 2 (152 144 144 ) (152 144 704 ) (0 144 704 ) (0 144 144 ) 
4 0 1 (152 144 64 ) (352 144 64 ) (352 144 704 ) (152 144 704 ) 
4 1 6 (352 0 704 ) (152 0 704 ) (152 0 64 ) (352 0 64 ) 
4 1 2 (152 144 704 ) (152 144 144 ) (152 0 144 ) (152 0 704 ) 
4 2 7 (152 0 704 ) (0 0 704 ) (0 0 144 ) (152 0 144 ) 
4 2 4 (0 0 144 ) (0 0 704 ) (0 144 704 ) (0 144 144 ) 
4 3 4 (0 144 144 ) (0 144 704 ) (-128 144 704 ) (-128 144 144 ) 
4 3 5 (-352 144 704 ) (-352 144 64 ) (-128 144 64 ) (-128 144 704 ) 
4 4 9 (0 0 144 ) (0 0 704 ) (-128 0 704 ) (-128 0 144 ) 
4 4 5 (-128 144 704 ) (-128 144 144 ) (-128 0 144 ) (-128 0 704 ) 
4 5 10 (-128 0 704 ) (-352 0 704 ) (-352 0 64 ) (-128 0 64 ) 
4 6 8 (152 -120 64 ) (352 -120 64 ) (352 -120 704 ) (152 -120 704 ) 
4 6 7 (152 -120 144 ) (152 -120 704 ) (152 0 704 ) (152 0 144 ) 
4 7 9 (0 0 704 ) (0 0 144 ) (0 -120 144 ) (0 -120 704 ) 
4 7 8 (152 -120 144 ) (152 -120 704 ) (0 -120 704 ) (0 -120 144 ) 
4 8 11 (0 -120 64 ) (0 -352 64 ) (0 -352 704 ) (0 -120 704 ) 
4 9 11 (0 -120 144 ) (0 -120 704 ) (-128 -120 704 ) (-128 -120 144 ) 
4 9 10 (-128 -120 144 ) (-128 -120 704 ) (-128 0 704 ) (-128 0 144 ) 
4 10 11 (-352 -120 704 ) (-352 -120 64 ) (-128 -120 64 ) (-128 -120 704 ) 
